running egg_info
creating ../build/navibot_py_examples/navibot_py_examples.egg-info
writing ../build/navibot_py_examples/navibot_py_examples.egg-info/PKG-INFO
writing dependency_links to ../build/navibot_py_examples/navibot_py_examples.egg-info/dependency_links.txt
writing requirements to ../build/navibot_py_examples/navibot_py_examples.egg-info/requires.txt
writing top-level names to ../build/navibot_py_examples/navibot_py_examples.egg-info/top_level.txt
writing manifest file '../build/navibot_py_examples/navibot_py_examples.egg-info/SOURCES.txt'
reading manifest file '../build/navibot_py_examples/navibot_py_examples.egg-info/SOURCES.txt'
writing manifest file '../build/navibot_py_examples/navibot_py_examples.egg-info/SOURCES.txt'
running build
running build_py
creating /home/postolovy/navibot_ws/build/navibot_py_examples/build
creating /home/postolovy/navibot_ws/build/navibot_py_examples/build/lib
creating /home/postolovy/navibot_ws/build/navibot_py_examples/build/lib/navibot_py_examples
copying navibot_py_examples/__init__.py -> /home/postolovy/navibot_ws/build/navibot_py_examples/build/lib/navibot_py_examples
running install
running install_lib
creating /home/postolovy/navibot_ws/install/navibot_py_examples/lib/python3.12/site-packages/navibot_py_examples
copying /home/postolovy/navibot_ws/build/navibot_py_examples/build/lib/navibot_py_examples/__init__.py -> /home/postolovy/navibot_ws/install/navibot_py_examples/lib/python3.12/site-packages/navibot_py_examples
byte-compiling /home/postolovy/navibot_ws/install/navibot_py_examples/lib/python3.12/site-packages/navibot_py_examples/__init__.py to __init__.cpython-312.pyc
running install_data
creating /home/postolovy/navibot_ws/install/navibot_py_examples/share/ament_index
creating /home/postolovy/navibot_ws/install/navibot_py_examples/share/ament_index/resource_index
creating /home/postolovy/navibot_ws/install/navibot_py_examples/share/ament_index/resource_index/packages
copying resource/navibot_py_examples -> /home/postolovy/navibot_ws/install/navibot_py_examples/share/ament_index/resource_index/packages
copying package.xml -> /home/postolovy/navibot_ws/install/navibot_py_examples/share/navibot_py_examples
running install_egg_info
Copying ../build/navibot_py_examples/navibot_py_examples.egg-info to /home/postolovy/navibot_ws/install/navibot_py_examples/lib/python3.12/site-packages/navibot_py_examples-0.0.0-py3.12.egg-info
running install_scripts
writing list of installed files to '/home/postolovy/navibot_ws/build/navibot_py_examples/install.log'
