[0.692s] Invoking command in '/home/postolovy/navibot_ws/navibot_py_examples': DEBUGINFOD_URLS=https://debuginfod.ubuntu.com PYTHONPATH=/home/postolovy/navibot_ws/build/navibot_py_examples/prefix_override:/usr/lib/python3/dist-packages/colcon_core/task/python/colcon_distutils_commands:/home/postolovy/navibot_ws/install/navibot_py_examples/lib/python3.12/site-packages:${PYTHONPATH} /usr/bin/python3 -W ignore:setup.py install is deprecated -W ignore:easy_install command is deprecated setup.py egg_info --egg-base ../build/navibot_py_examples build --build-base /home/postolovy/navibot_ws/build/navibot_py_examples/build install --record /home/postolovy/navibot_ws/build/navibot_py_examples/install.log --single-version-externally-managed install_data
[0.872s] running egg_info
[0.872s] creating ../build/navibot_py_examples/navibot_py_examples.egg-info
[0.885s] writing ../build/navibot_py_examples/navibot_py_examples.egg-info/PKG-INFO
[0.885s] writing dependency_links to ../build/navibot_py_examples/navibot_py_examples.egg-info/dependency_links.txt
[0.885s] writing requirements to ../build/navibot_py_examples/navibot_py_examples.egg-info/requires.txt
[0.885s] writing top-level names to ../build/navibot_py_examples/navibot_py_examples.egg-info/top_level.txt
[0.885s] writing manifest file '../build/navibot_py_examples/navibot_py_examples.egg-info/SOURCES.txt'
[0.910s] reading manifest file '../build/navibot_py_examples/navibot_py_examples.egg-info/SOURCES.txt'
[0.911s] writing manifest file '../build/navibot_py_examples/navibot_py_examples.egg-info/SOURCES.txt'
[0.911s] running build
[0.911s] running build_py
[0.911s] creating /home/postolovy/navibot_ws/build/navibot_py_examples/build
[0.911s] creating /home/postolovy/navibot_ws/build/navibot_py_examples/build/lib
[0.911s] creating /home/postolovy/navibot_ws/build/navibot_py_examples/build/lib/navibot_py_examples
[0.911s] copying navibot_py_examples/__init__.py -> /home/postolovy/navibot_ws/build/navibot_py_examples/build/lib/navibot_py_examples
[0.911s] running install
[0.915s] running install_lib
[0.928s] creating /home/postolovy/navibot_ws/install/navibot_py_examples/lib/python3.12/site-packages/navibot_py_examples
[0.928s] copying /home/postolovy/navibot_ws/build/navibot_py_examples/build/lib/navibot_py_examples/__init__.py -> /home/postolovy/navibot_ws/install/navibot_py_examples/lib/python3.12/site-packages/navibot_py_examples
[0.928s] byte-compiling /home/postolovy/navibot_ws/install/navibot_py_examples/lib/python3.12/site-packages/navibot_py_examples/__init__.py to __init__.cpython-312.pyc
[0.928s] running install_data
[0.928s] creating /home/postolovy/navibot_ws/install/navibot_py_examples/share/ament_index
[0.928s] creating /home/postolovy/navibot_ws/install/navibot_py_examples/share/ament_index/resource_index
[0.928s] creating /home/postolovy/navibot_ws/install/navibot_py_examples/share/ament_index/resource_index/packages
[0.928s] copying resource/navibot_py_examples -> /home/postolovy/navibot_ws/install/navibot_py_examples/share/ament_index/resource_index/packages
[0.928s] copying package.xml -> /home/postolovy/navibot_ws/install/navibot_py_examples/share/navibot_py_examples
[0.928s] running install_egg_info
[0.942s] Copying ../build/navibot_py_examples/navibot_py_examples.egg-info to /home/postolovy/navibot_ws/install/navibot_py_examples/lib/python3.12/site-packages/navibot_py_examples-0.0.0-py3.12.egg-info
[0.942s] running install_scripts
[1.027s] writing list of installed files to '/home/postolovy/navibot_ws/build/navibot_py_examples/install.log'
[1.043s] Invoked command in '/home/postolovy/navibot_ws/navibot_py_examples' returned '0': DEBUGINFOD_URLS=https://debuginfod.ubuntu.com PYTHONPATH=/home/postolovy/navibot_ws/build/navibot_py_examples/prefix_override:/usr/lib/python3/dist-packages/colcon_core/task/python/colcon_distutils_commands:/home/postolovy/navibot_ws/install/navibot_py_examples/lib/python3.12/site-packages:${PYTHONPATH} /usr/bin/python3 -W ignore:setup.py install is deprecated -W ignore:easy_install command is deprecated setup.py egg_info --egg-base ../build/navibot_py_examples build --build-base /home/postolovy/navibot_ws/build/navibot_py_examples/build install --record /home/postolovy/navibot_ws/build/navibot_py_examples/install.log --single-version-externally-managed install_data
